Determining if the pthread_create exist failed with the following output:
Change Dir: /opt/xmr-stak-cpu-master/xmr-stak-cpu/CMakeFiles/CMakeTmp

Run Build Command:"/usr/bin/gmake" "cmTC_f5560/fast"
/usr/bin/gmake -f CMakeFiles/cmTC_f5560.dir/build.make CMakeFiles/cmTC_f5560.dir/build
gmake[1]: Entering directory `/opt/xmr-stak-cpu-master/xmr-stak-cpu/CMakeFiles/CMakeTmp'
Building C object CMakeFiles/cmTC_f5560.dir/CheckSymbolExists.c.o
/opt/rh/devtoolset-4/root/usr/bin/cc     -o CMakeFiles/cmTC_f5560.dir/CheckSymbolExists.c.o   -c /opt/xmr-stak-cpu-master/xmr-stak-cpu/CMakeFiles/CMakeTmp/CheckSymbolExists.c
Linking C executable cmTC_f5560
/usr/bin/cmake3 -E cmake_link_script CMakeFiles/cmTC_f5560.dir/link.txt --verbose=1
/opt/rh/devtoolset-4/root/usr/bin/cc       CMakeFiles/cmTC_f5560.dir/CheckSymbolExists.c.o  -o cmTC_f5560 -rdynamic 
CMakeFiles/cmTC_f5560.dir/CheckSymbolExists.c.o: In function `main':
CheckSymbolExists.c:(.text+0x16): undefined reference to `pthread_create'
collect2: error: ld returned 1 exit status
gmake[1]: *** [cmTC_f5560] Error 1
gmake[1]: Leaving directory `/opt/xmr-stak-cpu-master/xmr-stak-cpu/CMakeFiles/CMakeTmp'
gmake: *** [cmTC_f5560/fast] Error 2

File /opt/xmr-stak-cpu-master/xmr-stak-cpu/CMakeFiles/CMakeTmp/CheckSymbolExists.c:
/* */
#include <pthread.h>

int main(int argc, char** argv)
{
  (void)argv;
#ifndef pthread_create
  return ((int*)(&pthread_create))[argc];
#else
  (void)argc;
  return 0;
#endif
}

Determining if the function pthread_create exists in the pthreads failed with the following output:
Change Dir: /opt/xmr-stak-cpu-master/xmr-stak-cpu/CMakeFiles/CMakeTmp

Run Build Command:"/usr/bin/gmake" "cmTC_011a3/fast"
/usr/bin/gmake -f CMakeFiles/cmTC_011a3.dir/build.make CMakeFiles/cmTC_011a3.dir/build
gmake[1]: Entering directory `/opt/xmr-stak-cpu-master/xmr-stak-cpu/CMakeFiles/CMakeTmp'
Building C object CMakeFiles/cmTC_011a3.dir/CheckFunctionExists.c.o
/opt/rh/devtoolset-4/root/usr/bin/cc    -DCHECK_FUNCTION_EXISTS=pthread_create   -o CMakeFiles/cmTC_011a3.dir/CheckFunctionExists.c.o   -c /usr/share/cmake3/Modules/CheckFunctionExists.c
Linking C executable cmTC_011a3
/usr/bin/cmake3 -E cmake_link_script CMakeFiles/cmTC_011a3.dir/link.txt --verbose=1
/opt/rh/devtoolset-4/root/usr/bin/cc   -DCHECK_FUNCTION_EXISTS=pthread_create    CMakeFiles/cmTC_011a3.dir/CheckFunctionExists.c.o  -o cmTC_011a3 -rdynamic -lpthreads 
/opt/rh/devtoolset-4/root/usr/libexec/gcc/x86_64-redhat-linux/5.3.1/ld: cannot find -lpthreads
collect2: error: ld returned 1 exit status
gmake[1]: *** [cmTC_011a3] Error 1
gmake[1]: Leaving directory `/opt/xmr-stak-cpu-master/xmr-stak-cpu/CMakeFiles/CMakeTmp'
gmake: *** [cmTC_011a3/fast] Error 2


